   1               		.file	"simonSays.c"
   2               	__SREG__ = 0x3f
   3               	__SP_H__ = 0x3e
   4               	__SP_L__ = 0x3d
   5               	__CCP__  = 0x34
   6               	__tmp_reg__ = 0
   7               	__zero_reg__ = 1
  15               	.Ltext0:
  16               	.global	seed
  17               	.global	seed
  18               		.section .bss
  21               	seed:
  22 0000 0000      		.skip 2,0
  23               	.global	score
  24               	.global	score
  27               	score:
  28 0002 0000      		.skip 2,0
  29               	.global	press
  30               	.global	press
  33               	press:
  34 0004 00        		.skip 1,0
  35               	.global	end
  36               		.data
  39               	end:
  40 0000 9302      		.word	659
  41 0002 4B02      		.word	587
  42 0004 0B02      		.word	523
  43 0006 ED01      		.word	493
  44 0008 B801      		.word	440
  45               	.global	start
  46               	.global	start
  47               		.section .bss
  50               	start:
  51 0005 00        		.skip 1,0
  52               		.text
  53               	.global	set_start
  55               	set_start:
  56               	.LFB3:
  57               	.LM1:
  58 0000 DF93      		push r29
  59 0002 CF93      		push r28
  60 0004 0F92      		push __tmp_reg__
  61 0006 CDB7      		in r28,__SP_L__
  62 0008 DEB7      		in r29,__SP_H__
  63               	/* prologue: function */
  64               	/* frame size = 1 */
  65 000a 8983      		std Y+1,r24
  66               	.LM2:
  67 000c 8981      		ldd r24,Y+1
  68 000e 8093 0000 		sts start,r24
  69               	/* epilogue start */
  70               	.LM3:
  71 0012 0F90      		pop __tmp_reg__
  72 0014 CF91      		pop r28
  73 0016 DF91      		pop r29
  74 0018 0895      		ret
  75               	.LFE3:
  77               	.global	get_start
  79               	get_start:
  80               	.LFB4:
  81               	.LM4:
  82 001a DF93      		push r29
  83 001c CF93      		push r28
  84 001e CDB7      		in r28,__SP_L__
  85 0020 DEB7      		in r29,__SP_H__
  86               	/* prologue: function */
  87               	/* frame size = 0 */
  88               	.LM5:
  89 0022 8091 0000 		lds r24,start
  90               	/* epilogue start */
  91               	.LM6:
  92 0026 CF91      		pop r28
  93 0028 DF91      		pop r29
  94 002a 0895      		ret
  95               	.LFE4:
  97               	.global	play_sound
  99               	play_sound:
 100               	.LFB5:
 101               	.LM7:
 102 002c DF93      		push r29
 103 002e CF93      		push r28
 104 0030 00D0      		rcall .
 105 0032 CDB7      		in r28,__SP_L__
 106 0034 DEB7      		in r29,__SP_H__
 107               	/* prologue: function */
 108               	/* frame size = 2 */
 109 0036 9A83      		std Y+2,r25
 110 0038 8983      		std Y+1,r24
 111               	.LM8:
 112 003a 8981      		ldd r24,Y+1
 113 003c 9A81      		ldd r25,Y+2
 114 003e FC01      		movw r30,r24
 115 0040 E050      		subi r30,lo8(-(pattern))
 116 0042 F040      		sbci r31,hi8(-(pattern))
 117 0044 8081      		ld r24,Z
 118 0046 8823      		tst r24
 119 0048 01F4      		brne .L6
 120               	.LM9:
 121 004a 60E0      		ldi r22,lo8(0x43dc0000)
 122 004c 70E0      		ldi r23,hi8(0x43dc0000)
 123 004e 8CED      		ldi r24,hlo8(0x43dc0000)
 124 0050 93E4      		ldi r25,hhi8(0x43dc0000)
 125 0052 28EB      		ldi r18,lo8(3000)
 126 0054 3BE0      		ldi r19,hi8(3000)
 127 0056 40E0      		ldi r20,hlo8(3000)
 128 0058 50E0      		ldi r21,hhi8(3000)
 129 005a 0E94 0000 		call play_note
 130 005e 00C0      		rjmp .L11
 131               	.L6:
 132               	.LM10:
 133 0060 8981      		ldd r24,Y+1
 134 0062 9A81      		ldd r25,Y+2
 135 0064 FC01      		movw r30,r24
 136 0066 E050      		subi r30,lo8(-(pattern))
 137 0068 F040      		sbci r31,hi8(-(pattern))
 138 006a 8081      		ld r24,Z
 139 006c 8130      		cpi r24,lo8(1)
 140 006e 01F4      		brne .L8
 141               	.LM11:
 142 0070 66E0      		ldi r22,lo8(0x43f6f106)
 143 0072 71EF      		ldi r23,hi8(0x43f6f106)
 144 0074 86EF      		ldi r24,hlo8(0x43f6f106)
 145 0076 93E4      		ldi r25,hhi8(0x43f6f106)
 146 0078 28EB      		ldi r18,lo8(3000)
 147 007a 3BE0      		ldi r19,hi8(3000)
 148 007c 40E0      		ldi r20,hlo8(3000)
 149 007e 50E0      		ldi r21,hhi8(3000)
 150 0080 0E94 0000 		call play_note
 151 0084 00C0      		rjmp .L11
 152               	.L8:
 153               	.LM12:
 154 0086 8981      		ldd r24,Y+1
 155 0088 9A81      		ldd r25,Y+2
 156 008a FC01      		movw r30,r24
 157 008c E050      		subi r30,lo8(-(pattern))
 158 008e F040      		sbci r31,hi8(-(pattern))
 159 0090 8081      		ld r24,Z
 160 0092 8230      		cpi r24,lo8(2)
 161 0094 01F4      		brne .L9
 162               	.LM13:
 163 0096 60E1      		ldi r22,lo8(0x4402d010)
 164 0098 70ED      		ldi r23,hi8(0x4402d010)
 165 009a 82E0      		ldi r24,hlo8(0x4402d010)
 166 009c 94E4      		ldi r25,hhi8(0x4402d010)
 167 009e 28EB      		ldi r18,lo8(3000)
 168 00a0 3BE0      		ldi r19,hi8(3000)
 169 00a2 40E0      		ldi r20,hlo8(3000)
 170 00a4 50E0      		ldi r21,hhi8(3000)
 171 00a6 0E94 0000 		call play_note
 172 00aa 00C0      		rjmp .L11
 173               	.L9:
 174               	.LM14:
 175 00ac 8981      		ldd r24,Y+1
 176 00ae 9A81      		ldd r25,Y+2
 177 00b0 FC01      		movw r30,r24
 178 00b2 E050      		subi r30,lo8(-(pattern))
 179 00b4 F040      		sbci r31,hi8(-(pattern))
 180 00b6 8081      		ld r24,Z
 181 00b8 8330      		cpi r24,lo8(3)
 182 00ba 01F4      		brne .L10
 183               	.LM15:
 184 00bc 6FE1      		ldi r22,lo8(0x4412d51f)
 185 00be 75ED      		ldi r23,hi8(0x4412d51f)
 186 00c0 82E1      		ldi r24,hlo8(0x4412d51f)
 187 00c2 94E4      		ldi r25,hhi8(0x4412d51f)
 188 00c4 28EB      		ldi r18,lo8(3000)
 189 00c6 3BE0      		ldi r19,hi8(3000)
 190 00c8 40E0      		ldi r20,hlo8(3000)
 191 00ca 50E0      		ldi r21,hhi8(3000)
 192 00cc 0E94 0000 		call play_note
 193 00d0 00C0      		rjmp .L11
 194               	.L10:
 195               	.LM16:
 196 00d2 8981      		ldd r24,Y+1
 197 00d4 9A81      		ldd r25,Y+2
 198 00d6 FC01      		movw r30,r24
 199 00d8 E050      		subi r30,lo8(-(pattern))
 200 00da F040      		sbci r31,hi8(-(pattern))
 201 00dc 8081      		ld r24,Z
 202 00de 8430      		cpi r24,lo8(4)
 203 00e0 01F4      		brne .L11
 204               	.LM17:
 205 00e2 62E5      		ldi r22,lo8(0x4424d052)
 206 00e4 70ED      		ldi r23,hi8(0x4424d052)
 207 00e6 84E2      		ldi r24,hlo8(0x4424d052)
 208 00e8 94E4      		ldi r25,hhi8(0x4424d052)
 209 00ea 28EB      		ldi r18,lo8(3000)
 210 00ec 3BE0      		ldi r19,hi8(3000)
 211 00ee 40E0      		ldi r20,hlo8(3000)
 212 00f0 50E0      		ldi r21,hhi8(3000)
 213 00f2 0E94 0000 		call play_note
 214               	.L11:
 215               	/* epilogue start */
 216               	.LM18:
 217 00f6 0F90      		pop __tmp_reg__
 218 00f8 0F90      		pop __tmp_reg__
 219 00fa CF91      		pop r28
 220 00fc DF91      		pop r29
 221 00fe 0895      		ret
 222               	.LFE5:
 224               	.global	makePattern
 226               	makePattern:
 227               	.LFB6:
 228               	.LM19:
 229 0100 DF93      		push r29
 230 0102 CF93      		push r28
 231 0104 00D0      		rcall .
 232 0106 00D0      		rcall .
 233 0108 CDB7      		in r28,__SP_L__
 234 010a DEB7      		in r29,__SP_H__
 235               	/* prologue: function */
 236               	/* frame size = 4 */
 237               	.LM20:
 238 010c 8091 0000 		lds r24,seed
 239 0110 9091 0000 		lds r25,(seed)+1
 240 0114 0E94 0000 		call srand
 241               	.LBB2:
 242               	.LM21:
 243 0118 1C82      		std Y+4,__zero_reg__
 244 011a 1B82      		std Y+3,__zero_reg__
 245 011c 00C0      		rjmp .L13
 246               	.L14:
 247               	.LBB3:
 248               	.LM22:
 249 011e 1A82      		std Y+2,__zero_reg__
 250 0120 1982      		std Y+1,__zero_reg__
 251               	.LM23:
 252 0122 0E94 0000 		call rand
 253 0126 25E0      		ldi r18,lo8(5)
 254 0128 30E0      		ldi r19,hi8(5)
 255 012a B901      		movw r22,r18
 256 012c 0E94 0000 		call __divmodhi4
 257 0130 9A83      		std Y+2,r25
 258 0132 8983      		std Y+1,r24
 259               	.LM24:
 260 0134 8B81      		ldd r24,Y+3
 261 0136 9C81      		ldd r25,Y+4
 262 0138 2981      		ldd r18,Y+1
 263 013a FC01      		movw r30,r24
 264 013c E050      		subi r30,lo8(-(pattern))
 265 013e F040      		sbci r31,hi8(-(pattern))
 266 0140 2083      		st Z,r18
 267               	.LBE3:
 268               	.LM25:
 269 0142 8B81      		ldd r24,Y+3
 270 0144 9C81      		ldd r25,Y+4
 271 0146 0196      		adiw r24,1
 272 0148 9C83      		std Y+4,r25
 273 014a 8B83      		std Y+3,r24
 274               	.L13:
 275 014c 8B81      		ldd r24,Y+3
 276 014e 9C81      		ldd r25,Y+4
 277 0150 8530      		cpi r24,5
 278 0152 9105      		cpc r25,__zero_reg__
 279 0154 00F0      		brlo .L14
 280               	.LBE2:
 281               	.LM26:
 282 0156 8091 0000 		lds r24,seed
 283 015a 9091 0000 		lds r25,(seed)+1
 284 015e 0196      		adiw r24,1
 285 0160 9093 0000 		sts (seed)+1,r25
 286 0164 8093 0000 		sts seed,r24
 287               	/* epilogue start */
 288               	.LM27:
 289 0168 0F90      		pop __tmp_reg__
 290 016a 0F90      		pop __tmp_reg__
 291 016c 0F90      		pop __tmp_reg__
 292 016e 0F90      		pop __tmp_reg__
 293 0170 CF91      		pop r28
 294 0172 DF91      		pop r29
 295 0174 0895      		ret
 296               	.LFE6:
 298               	.global	playPattern
 300               	playPattern:
 301               	.LFB7:
 302               	.LM28:
 303 0176 DF93      		push r29
 304 0178 CF93      		push r28
 305 017a 00D0      		rcall .
 306 017c CDB7      		in r28,__SP_L__
 307 017e DEB7      		in r29,__SP_H__
 308               	/* prologue: function */
 309               	/* frame size = 2 */
 310               	.LBB4:
 311               	.LM29:
 312 0180 1A82      		std Y+2,__zero_reg__
 313 0182 1982      		std Y+1,__zero_reg__
 314 0184 00C0      		rjmp .L17
 315               	.L18:
 316               	.LM30:
 317 0186 A5E3      		ldi r26,lo8(53)
 318 0188 B0E0      		ldi r27,hi8(53)
 319 018a E5E3      		ldi r30,lo8(53)
 320 018c F0E0      		ldi r31,hi8(53)
 321 018e 8081      		ld r24,Z
 322 0190 482F      		mov r20,r24
 323 0192 8981      		ldd r24,Y+1
 324 0194 9A81      		ldd r25,Y+2
 325 0196 FC01      		movw r30,r24
 326 0198 E050      		subi r30,lo8(-(pattern))
 327 019a F040      		sbci r31,hi8(-(pattern))
 328 019c 8081      		ld r24,Z
 329 019e 282F      		mov r18,r24
 330 01a0 30E0      		ldi r19,lo8(0)
 331 01a2 81E0      		ldi r24,lo8(1)
 332 01a4 90E0      		ldi r25,hi8(1)
 333 01a6 00C0      		rjmp 2f
 334 01a8 880F      	1:	lsl r24
 335 01aa 991F      		rol r25
 336 01ac 2A95      	2:	dec r18
 337 01ae 02F4      		brpl 1b
 338 01b0 842B      		or r24,r20
 339 01b2 8C93      		st X,r24
 340               	.LM31:
 341 01b4 8981      		ldd r24,Y+1
 342 01b6 9A81      		ldd r25,Y+2
 343 01b8 0E94 0000 		call play_sound
 344               	.LM32:
 345 01bc 80E2      		ldi r24,lo8(20000)
 346 01be 9EE4      		ldi r25,hi8(20000)
 347 01c0 0E94 0000 		call wait_avr
 348               	.LM33:
 349 01c4 A5E3      		ldi r26,lo8(53)
 350 01c6 B0E0      		ldi r27,hi8(53)
 351 01c8 E5E3      		ldi r30,lo8(53)
 352 01ca F0E0      		ldi r31,hi8(53)
 353 01cc 8081      		ld r24,Z
 354 01ce 482F      		mov r20,r24
 355 01d0 8981      		ldd r24,Y+1
 356 01d2 9A81      		ldd r25,Y+2
 357 01d4 FC01      		movw r30,r24
 358 01d6 E050      		subi r30,lo8(-(pattern))
 359 01d8 F040      		sbci r31,hi8(-(pattern))
 360 01da 8081      		ld r24,Z
 361 01dc 282F      		mov r18,r24
 362 01de 30E0      		ldi r19,lo8(0)
 363 01e0 81E0      		ldi r24,lo8(1)
 364 01e2 90E0      		ldi r25,hi8(1)
 365 01e4 00C0      		rjmp 2f
 366 01e6 880F      	1:	lsl r24
 367 01e8 991F      		rol r25
 368 01ea 2A95      	2:	dec r18
 369 01ec 02F4      		brpl 1b
 370 01ee 8095      		com r24
 371 01f0 8423      		and r24,r20
 372 01f2 8C93      		st X,r24
 373               	.LM34:
 374 01f4 80E2      		ldi r24,lo8(20000)
 375 01f6 9EE4      		ldi r25,hi8(20000)
 376 01f8 0E94 0000 		call wait_avr
 377               	.LM35:
 378 01fc 8981      		ldd r24,Y+1
 379 01fe 9A81      		ldd r25,Y+2
 380 0200 0196      		adiw r24,1
 381 0202 9A83      		std Y+2,r25
 382 0204 8983      		std Y+1,r24
 383               	.L17:
 384 0206 8981      		ldd r24,Y+1
 385 0208 9A81      		ldd r25,Y+2
 386 020a 8530      		cpi r24,5
 387 020c 9105      		cpc r25,__zero_reg__
 388 020e 04F4      		brge .+2
 389 0210 00C0      		rjmp .L18
 390               	/* epilogue start */
 391               	.LBE4:
 392               	.LM36:
 393 0212 0F90      		pop __tmp_reg__
 394 0214 0F90      		pop __tmp_reg__
 395 0216 CF91      		pop r28
 396 0218 DF91      		pop r29
 397 021a 0895      		ret
 398               	.LFE7:
 400               	.global	pressedButton
 402               	pressedButton:
 403               	.LFB8:
 404               	.LM37:
 405 021c DF93      		push r29
 406 021e CF93      		push r28
 407 0220 0F92      		push __tmp_reg__
 408 0222 CDB7      		in r28,__SP_L__
 409 0224 DEB7      		in r29,__SP_H__
 410               	/* prologue: function */
 411               	/* frame size = 1 */
 412               	.LM38:
 413 0226 85E0      		ldi r24,lo8(5)
 414 0228 8983      		std Y+1,r24
 415               	.LM39:
 416 022a E9E3      		ldi r30,lo8(57)
 417 022c F0E0      		ldi r31,hi8(57)
 418 022e 8081      		ld r24,Z
 419 0230 882F      		mov r24,r24
 420 0232 90E0      		ldi r25,lo8(0)
 421 0234 8170      		andi r24,lo8(1)
 422 0236 9070      		andi r25,hi8(1)
 423 0238 0097      		sbiw r24,0
 424 023a 01F4      		brne .L21
 425               	.LM40:
 426 023c 84E0      		ldi r24,lo8(4)
 427 023e 8983      		std Y+1,r24
 428               	.LM41:
 429 0240 81E0      		ldi r24,lo8(1)
 430 0242 8093 0000 		sts press,r24
 431 0246 00C0      		rjmp .L22
 432               	.L21:
 433               	.LM42:
 434 0248 E9E3      		ldi r30,lo8(57)
 435 024a F0E0      		ldi r31,hi8(57)
 436 024c 8081      		ld r24,Z
 437 024e 882F      		mov r24,r24
 438 0250 90E0      		ldi r25,lo8(0)
 439 0252 8270      		andi r24,lo8(2)
 440 0254 9070      		andi r25,hi8(2)
 441 0256 0097      		sbiw r24,0
 442 0258 01F4      		brne .L23
 443               	.LM43:
 444 025a 83E0      		ldi r24,lo8(3)
 445 025c 8983      		std Y+1,r24
 446               	.LM44:
 447 025e 81E0      		ldi r24,lo8(1)
 448 0260 8093 0000 		sts press,r24
 449 0264 00C0      		rjmp .L22
 450               	.L23:
 451               	.LM45:
 452 0266 E9E3      		ldi r30,lo8(57)
 453 0268 F0E0      		ldi r31,hi8(57)
 454 026a 8081      		ld r24,Z
 455 026c 882F      		mov r24,r24
 456 026e 90E0      		ldi r25,lo8(0)
 457 0270 8470      		andi r24,lo8(4)
 458 0272 9070      		andi r25,hi8(4)
 459 0274 0097      		sbiw r24,0
 460 0276 01F4      		brne .L24
 461               	.LM46:
 462 0278 82E0      		ldi r24,lo8(2)
 463 027a 8983      		std Y+1,r24
 464               	.LM47:
 465 027c 81E0      		ldi r24,lo8(1)
 466 027e 8093 0000 		sts press,r24
 467 0282 00C0      		rjmp .L22
 468               	.L24:
 469               	.LM48:
 470 0284 E9E3      		ldi r30,lo8(57)
 471 0286 F0E0      		ldi r31,hi8(57)
 472 0288 8081      		ld r24,Z
 473 028a 882F      		mov r24,r24
 474 028c 90E0      		ldi r25,lo8(0)
 475 028e 8870      		andi r24,lo8(8)
 476 0290 9070      		andi r25,hi8(8)
 477 0292 0097      		sbiw r24,0
 478 0294 01F4      		brne .L25
 479               	.LM49:
 480 0296 81E0      		ldi r24,lo8(1)
 481 0298 8983      		std Y+1,r24
 482               	.LM50:
 483 029a 81E0      		ldi r24,lo8(1)
 484 029c 8093 0000 		sts press,r24
 485 02a0 00C0      		rjmp .L22
 486               	.L25:
 487               	.LM51:
 488 02a2 E9E3      		ldi r30,lo8(57)
 489 02a4 F0E0      		ldi r31,hi8(57)
 490 02a6 8081      		ld r24,Z
 491 02a8 882F      		mov r24,r24
 492 02aa 90E0      		ldi r25,lo8(0)
 493 02ac 8071      		andi r24,lo8(16)
 494 02ae 9070      		andi r25,hi8(16)
 495 02b0 0097      		sbiw r24,0
 496 02b2 01F4      		brne .L22
 497               	.LM52:
 498 02b4 1982      		std Y+1,__zero_reg__
 499               	.LM53:
 500 02b6 81E0      		ldi r24,lo8(1)
 501 02b8 8093 0000 		sts press,r24
 502               	.L22:
 503               	.LM54:
 504 02bc 8981      		ldd r24,Y+1
 505               	/* epilogue start */
 506               	.LM55:
 507 02be 0F90      		pop __tmp_reg__
 508 02c0 CF91      		pop r28
 509 02c2 DF91      		pop r29
 510 02c4 0895      		ret
 511               	.LFE8:
 513               		.data
 514               	.LC0:
 515 000a 5363 6F72 		.string	"Score: %d"
 515      653A 2025 
 515      6400 
 516               		.text
 517               	.global	print_score
 519               	print_score:
 520               	.LFB9:
 521               	.LM56:
 522 02c6 DF93      		push r29
 523 02c8 CF93      		push r28
 524 02ca CDB7      		in r28,__SP_L__
 525 02cc DEB7      		in r29,__SP_H__
 526 02ce 2F97      		sbiw r28,15
 527 02d0 0FB6      		in __tmp_reg__,__SREG__
 528 02d2 F894      		cli
 529 02d4 DEBF      		out __SP_H__,r29
 530 02d6 0FBE      		out __SREG__,__tmp_reg__
 531 02d8 CDBF      		out __SP_L__,r28
 532               	/* prologue: function */
 533               	/* frame size = 15 */
 534               	.LM57:
 535 02da 2091 0000 		lds r18,score
 536 02de 3091 0000 		lds r19,(score)+1
 537 02e2 00D0      		rcall .
 538 02e4 00D0      		rcall .
 539 02e6 00D0      		rcall .
 540 02e8 EDB7      		in r30,__SP_L__
 541 02ea FEB7      		in r31,__SP_H__
 542 02ec 3196      		adiw r30,1
 543 02ee CE01      		movw r24,r28
 544 02f0 0196      		adiw r24,1
 545 02f2 9183      		std Z+1,r25
 546 02f4 8083      		st Z,r24
 547 02f6 80E0      		ldi r24,lo8(.LC0)
 548 02f8 90E0      		ldi r25,hi8(.LC0)
 549 02fa 9383      		std Z+3,r25
 550 02fc 8283      		std Z+2,r24
 551 02fe 3583      		std Z+5,r19
 552 0300 2483      		std Z+4,r18
 553 0302 0E94 0000 		call sprintf
 554 0306 8DB7      		in r24,__SP_L__
 555 0308 9EB7      		in r25,__SP_H__
 556 030a 0696      		adiw r24,6
 557 030c 0FB6      		in __tmp_reg__,__SREG__
 558 030e F894      		cli
 559 0310 9EBF      		out __SP_H__,r25
 560 0312 0FBE      		out __SREG__,__tmp_reg__
 561 0314 8DBF      		out __SP_L__,r24
 562               	.LM58:
 563 0316 80E0      		ldi r24,lo8(0)
 564 0318 60E0      		ldi r22,lo8(0)
 565 031a 0E94 0000 		call pos_lcd
 566               	.LM59:
 567 031e CE01      		movw r24,r28
 568 0320 0196      		adiw r24,1
 569 0322 0E94 0000 		call put_str_lcd
 570               	/* epilogue start */
 571               	.LM60:
 572 0326 2F96      		adiw r28,15
 573 0328 0FB6      		in __tmp_reg__,__SREG__
 574 032a F894      		cli
 575 032c DEBF      		out __SP_H__,r29
 576 032e 0FBE      		out __SREG__,__tmp_reg__
 577 0330 CDBF      		out __SP_L__,r28
 578 0332 CF91      		pop r28
 579 0334 DF91      		pop r29
 580 0336 0895      		ret
 581               	.LFE9:
 583               		.data
 584               	.LC1:
 585 0014 4741 4D45 		.string	"GAME OVER!"
 585      204F 5645 
 585      5221 00
 586               		.text
 587               	.global	checkPattern
 589               	checkPattern:
 590               	.LFB10:
 591               	.LM61:
 592 0338 DF93      		push r29
 593 033a CF93      		push r28
 594 033c 00D0      		rcall .
 595 033e 00D0      		rcall .
 596 0340 CDB7      		in r28,__SP_L__
 597 0342 DEB7      		in r29,__SP_H__
 598               	/* prologue: function */
 599               	/* frame size = 4 */
 600               	.LM62:
 601 0344 1C82      		std Y+4,__zero_reg__
 602               	.LM63:
 603 0346 1B82      		std Y+3,__zero_reg__
 604 0348 00C0      		rjmp .L30
 605               	.L35:
 606               	.LM64:
 607 034a 1092 0000 		sts press,__zero_reg__
 608               	.LM65:
 609 034e 0E94 0000 		call pressedButton
 610 0352 8B83      		std Y+3,r24
 611               	.LM66:
 612 0354 80E0      		ldi r24,lo8(0)
 613 0356 68E0      		ldi r22,lo8(8)
 614 0358 0E94 0000 		call pos_lcd
 615               	.LM67:
 616 035c 8091 0000 		lds r24,press
 617 0360 8823      		tst r24
 618 0362 01F4      		brne .+2
 619 0364 00C0      		rjmp .L30
 620               	.LM68:
 621 0366 8C81      		ldd r24,Y+4
 622 0368 882F      		mov r24,r24
 623 036a 90E0      		ldi r25,lo8(0)
 624 036c FC01      		movw r30,r24
 625 036e E050      		subi r30,lo8(-(pattern))
 626 0370 F040      		sbci r31,hi8(-(pattern))
 627 0372 9081      		ld r25,Z
 628 0374 8B81      		ldd r24,Y+3
 629 0376 9817      		cp r25,r24
 630 0378 01F4      		brne .L31
 631               	.LM69:
 632 037a 8C81      		ldd r24,Y+4
 633 037c 882F      		mov r24,r24
 634 037e 90E0      		ldi r25,lo8(0)
 635 0380 0E94 0000 		call play_sound
 636               	.LM70:
 637 0384 8091 0000 		lds r24,score
 638 0388 9091 0000 		lds r25,(score)+1
 639 038c 0196      		adiw r24,1
 640 038e 9093 0000 		sts (score)+1,r25
 641 0392 8093 0000 		sts score,r24
 642               	.LM71:
 643 0396 80E5      		ldi r24,lo8(-15536)
 644 0398 93EC      		ldi r25,hi8(-15536)
 645 039a 0E94 0000 		call wait_avr
 646               	.LM72:
 647 039e 8C81      		ldd r24,Y+4
 648 03a0 8F5F      		subi r24,lo8(-(1))
 649 03a2 8C83      		std Y+4,r24
 650               	.LM73:
 651 03a4 0E94 0000 		call print_score
 652 03a8 00C0      		rjmp .L32
 653               	.L31:
 654               	.LM74:
 655 03aa 60E0      		ldi r22,lo8(0x42c80000)
 656 03ac 70E0      		ldi r23,hi8(0x42c80000)
 657 03ae 88EC      		ldi r24,hlo8(0x42c80000)
 658 03b0 92E4      		ldi r25,hhi8(0x42c80000)
 659 03b2 28EB      		ldi r18,lo8(3000)
 660 03b4 3BE0      		ldi r19,hi8(3000)
 661 03b6 40E0      		ldi r20,hlo8(3000)
 662 03b8 50E0      		ldi r21,hhi8(3000)
 663 03ba 0E94 0000 		call play_note
 664               	.LM75:
 665 03be 80E1      		ldi r24,lo8(10000)
 666 03c0 97E2      		ldi r25,hi8(10000)
 667 03c2 0E94 0000 		call wait_avr
 668               	.LBB5:
 669               	.LM76:
 670 03c6 1A82      		std Y+2,__zero_reg__
 671 03c8 1982      		std Y+1,__zero_reg__
 672 03ca 00C0      		rjmp .L33
 673               	.L34:
 674               	.LM77:
 675 03cc 8981      		ldd r24,Y+1
 676 03ce 9A81      		ldd r25,Y+2
 677 03d0 880F      		lsl r24
 678 03d2 991F      		rol r25
 679 03d4 FC01      		movw r30,r24
 680 03d6 E050      		subi r30,lo8(-(end))
 681 03d8 F040      		sbci r31,hi8(-(end))
 682 03da 8081      		ld r24,Z
 683 03dc 9181      		ldd r25,Z+1
 684 03de AA27      		clr r26
 685 03e0 97FD      		sbrc r25,7
 686 03e2 A095      		com r26
 687 03e4 BA2F      		mov r27,r26
 688 03e6 BC01      		movw r22,r24
 689 03e8 CD01      		movw r24,r26
 690 03ea 0E94 0000 		call __floatsisf
 691 03ee DC01      		movw r26,r24
 692 03f0 CB01      		movw r24,r22
 693 03f2 BC01      		movw r22,r24
 694 03f4 CD01      		movw r24,r26
 695 03f6 28EB      		ldi r18,lo8(3000)
 696 03f8 3BE0      		ldi r19,hi8(3000)
 697 03fa 40E0      		ldi r20,hlo8(3000)
 698 03fc 50E0      		ldi r21,hhi8(3000)
 699 03fe 0E94 0000 		call play_note
 700               	.LM78:
 701 0402 8981      		ldd r24,Y+1
 702 0404 9A81      		ldd r25,Y+2
 703 0406 0196      		adiw r24,1
 704 0408 9A83      		std Y+2,r25
 705 040a 8983      		std Y+1,r24
 706               	.L33:
 707 040c 8981      		ldd r24,Y+1
 708 040e 9A81      		ldd r25,Y+2
 709 0410 8530      		cpi r24,5
 710 0412 9105      		cpc r25,__zero_reg__
 711 0414 00F0      		brlo .L34
 712               	.LBE5:
 713               	.LM79:
 714 0416 81E0      		ldi r24,lo8(1)
 715 0418 60E0      		ldi r22,lo8(0)
 716 041a 0E94 0000 		call pos_lcd
 717               	.LM80:
 718 041e 80E0      		ldi r24,lo8(.LC1)
 719 0420 90E0      		ldi r25,hi8(.LC1)
 720 0422 0E94 0000 		call put_str_lcd
 721               	.LM81:
 722 0426 1092 0000 		sts start,__zero_reg__
 723               	.LM82:
 724 042a 1092 0000 		sts (score)+1,__zero_reg__
 725 042e 1092 0000 		sts score,__zero_reg__
 726               	.LM83:
 727 0432 85E0      		ldi r24,lo8(5)
 728 0434 8C83      		std Y+4,r24
 729               	.L32:
 730               	.LM84:
 731 0436 1092 0000 		sts press,__zero_reg__
 732               	.L30:
 733               	.LM85:
 734 043a 8C81      		ldd r24,Y+4
 735 043c 8530      		cpi r24,lo8(5)
 736 043e 00F4      		brsh .+2
 737 0440 00C0      		rjmp .L35
 738               	/* epilogue start */
 739               	.LM86:
 740 0442 0F90      		pop __tmp_reg__
 741 0444 0F90      		pop __tmp_reg__
 742 0446 0F90      		pop __tmp_reg__
 743 0448 0F90      		pop __tmp_reg__
 744 044a CF91      		pop r28
 745 044c DF91      		pop r29
 746 044e 0895      		ret
 747               	.LFE10:
 749               		.comm pattern,5,1
 830               	.Letext0:
DEFINED SYMBOLS
                            *ABS*:00000000 simonSays.c
C:\Users\Deanna\AppData\Local\Temp/ccyEHlFS.s:2      *ABS*:0000003f __SREG__
C:\Users\Deanna\AppData\Local\Temp/ccyEHlFS.s:3      *ABS*:0000003e __SP_H__
C:\Users\Deanna\AppData\Local\Temp/ccyEHlFS.s:4      *ABS*:0000003d __SP_L__
C:\Users\Deanna\AppData\Local\Temp/ccyEHlFS.s:5      *ABS*:00000034 __CCP__
C:\Users\Deanna\AppData\Local\Temp/ccyEHlFS.s:6      *ABS*:00000000 __tmp_reg__
C:\Users\Deanna\AppData\Local\Temp/ccyEHlFS.s:7      *ABS*:00000001 __zero_reg__
C:\Users\Deanna\AppData\Local\Temp/ccyEHlFS.s:21     .bss:00000000 seed
C:\Users\Deanna\AppData\Local\Temp/ccyEHlFS.s:27     .bss:00000002 score
C:\Users\Deanna\AppData\Local\Temp/ccyEHlFS.s:33     .bss:00000004 press
C:\Users\Deanna\AppData\Local\Temp/ccyEHlFS.s:39     .data:00000000 end
C:\Users\Deanna\AppData\Local\Temp/ccyEHlFS.s:50     .bss:00000005 start
C:\Users\Deanna\AppData\Local\Temp/ccyEHlFS.s:55     .text:00000000 set_start
C:\Users\Deanna\AppData\Local\Temp/ccyEHlFS.s:79     .text:0000001a get_start
C:\Users\Deanna\AppData\Local\Temp/ccyEHlFS.s:99     .text:0000002c play_sound
                            *COM*:00000005 pattern
C:\Users\Deanna\AppData\Local\Temp/ccyEHlFS.s:226    .text:00000100 makePattern
C:\Users\Deanna\AppData\Local\Temp/ccyEHlFS.s:300    .text:00000176 playPattern
C:\Users\Deanna\AppData\Local\Temp/ccyEHlFS.s:402    .text:0000021c pressedButton
C:\Users\Deanna\AppData\Local\Temp/ccyEHlFS.s:519    .text:000002c6 print_score
C:\Users\Deanna\AppData\Local\Temp/ccyEHlFS.s:589    .text:00000338 checkPattern

UNDEFINED SYMBOLS
play_note
srand
rand
__divmodhi4
wait_avr
sprintf
pos_lcd
put_str_lcd
__floatsisf
__do_copy_data
__do_clear_bss
